<?xml version="1.0" encoding="UTF-8"?>
<!-- Generated by org.testng.reporters.JUnitReportReporter -->
<testsuite hostname="Gauravs-Air.hub" failures="0" tests="4" name="api.storetests.StoreTest" time="7.562" errors="0" timestamp="2024-07-06T13:54:40 NZST" skipped="0">
  <testcase classname="api.storetests.StoreTest" name="getpetbyinventory" time="1.143"/>
  <testcase classname="api.storetests.StoreTest" name="findpurchasebypetid" time="1.276"/>
  <testcase classname="api.storetests.StoreTest" name="deletepurchasebyorderid" time="1.443"/>
  <testcase classname="api.storetests.StoreTest" name="addorder" time="3.700"/>
</testsuite> <!-- api.storetests.StoreTest -->
