<?xml version="1.0" encoding="UTF-8"?>
<!-- Generated by org.testng.reporters.JUnitReportReporter -->
<testsuite hostname="Gauravs-Air.hub" failures="0" tests="4" name="api.storetests.StoreTest2" time="6.145" errors="0" timestamp="2024-07-06T13:54:40 NZST" skipped="0">
  <testcase classname="api.storetests.StoreTest2" name="getpetbyinventory" time="1.531"/>
  <testcase classname="api.storetests.StoreTest2" name="addorder" time="1.579"/>
  <testcase classname="api.storetests.StoreTest2" name="deletepurchasebyorderid" time="1.471"/>
  <testcase classname="api.storetests.StoreTest2" name="findpurchasebypetid" time="1.564"/>
</testsuite> <!-- api.storetests.StoreTest2 -->
