<?xml version="1.0" encoding="UTF-8"?>
<!-- Generated by org.testng.reporters.JUnitReportReporter -->
<testsuite hostname="Gauravs-Air.hub" failures="0" tests="4" name="api.storetests.StoreTest" time="7.693" errors="0" timestamp="2024-07-06T13:24:57 NZST" skipped="0">
  <testcase classname="api.storetests.StoreTest" name="getpetbyinventory" time="1.529"/>
  <testcase classname="api.storetests.StoreTest" name="addorder" time="3.422"/>
  <testcase classname="api.storetests.StoreTest" name="deletepurchasebyorderid" time="1.319"/>
  <testcase classname="api.storetests.StoreTest" name="findpurchasebypetid" time="1.423"/>
</testsuite> <!-- api.storetests.StoreTest -->
