<?xml version="1.0" encoding="UTF-8"?>
<!-- Generated by org.testng.reporters.JUnitReportReporter -->
<testsuite hostname="Gauravs-Air.hub" failures="0" tests="1" name="api.storeendpoints.StoreEndPoints" time="3.226" errors="0" timestamp="2024-07-06T13:17:16 NZST" skipped="0">
  <testcase classname="api.storeendpoints.StoreEndPoints" name="deletetest" time="3.226"/>
</testsuite> <!-- api.storeendpoints.StoreEndPoints -->
